<?xml version="1.0" encoding="UTF-8"?>
<testsuite name="com.zking.AppLicationTests" time="0.011" tests="1" errors="1" skipped="0" failures="0">
  <properties>
[...]
</properties>
  <testcase name="initializationError" classname="com.zking.AppLicationTests" time="0.011">
    <error message="No runnable methods" type="java.lang.Exception"><![CDATA[java.lang.Exception: No runnable methods
	at org.junit.runners.BlockJUnit4ClassRunner.validateInstanceMethods(BlockJUnit4ClassRunner.java:191)
	at org.junit.runners.BlockJUnit4ClassRunner.collectInitializationErrors(BlockJUnit4ClassRunner.java:128)
	at org.junit.runners.ParentRunner.validate(ParentRunner.java:416)
	at org.junit.runners.ParentRunner.<init>(ParentRunner.java:84)
	at org.junit.runners.BlockJUnit4ClassRunner.<init>(BlockJUnit4ClassRunner.java:65)
	at org.springframework.test.context.junit4.SpringJUnit4ClassRunner.<init>(SpringJUnit4ClassRunner.java:138)
	at org.springframework.test.context.junit4.SpringRunner.<init>(SpringRunner.java:49)
	at sun.reflect.NativeConstructorAccessorImpl.newInstance0(Native Method)
	at sun.reflect.NativeConstructorAccessorImpl.newInstance(NativeConstructorAccessorImpl.java:62)
	at sun.reflect.DelegatingConstructorAccessorImpl.newInstance(DelegatingConstructorAccessorImpl.java:45)
	at java.lang.reflect.Constructor.newInstance(Constructor.java:423)
	at org.junit.internal.builders.AnnotatedBuilder.buildRunner(AnnotatedBuilder.java:104)
	at org.junit.internal.builders.AnnotatedBuilder.runnerForClass(AnnotatedBuilder.java:86)
	at org.junit.runners.model.RunnerBuilder.safeRunnerForClass(RunnerBuilder.java:59)
	at org.junit.internal.builders.AllDefaultPossibilitiesBuilder.runnerForClass(AllDefaultPossibilitiesBuilder.java:26)
	at org.junit.runners.model.RunnerBuilder.safeRunnerForClass(RunnerBuilder.java:59)
	at org.junit.internal.requests.ClassRequest.getRunner(ClassRequest.java:33)
	at org.apache.maven.surefire.junit4.JUnit4Provider.execute(JUnit4Provider.java:283)
	at org.apache.maven.surefire.junit4.JUnit4Provider.executeWithRerun(JUnit4Provider.java:173)
	at org.apache.maven.surefire.junit4.JUnit4Provider.executeTestSet(JUnit4Provider.java:153)
	at org.apache.maven.surefire.junit4.JUnit4Provider.invoke(JUnit4Provider.java:128)
	at org.apache.maven.surefire.booter.ForkedBooter.invokeProviderInSameClassLoader(ForkedBooter.java:203)
	at org.apache.maven.surefire.booter.ForkedBooter.runSuitesInProcess(ForkedBooter.java:155)
	at org.apache.maven.surefire.booter.ForkedBooter.main(ForkedBooter.java:103)
]]></error>
    <system-out><![CDATA[10:29:40.944 [main] DEBUG org.springframework.test.context.junit4.SpringJUnit4ClassRunner - SpringJUnit4ClassRunner constructor called with [class com.zking.service.impl.ArticleServiceImplTest]
10:29:40.956 [main] DEBUG org.springframework.test.context.BootstrapUtils - Instantiating CacheAwareContextLoaderDelegate from class [org.springframework.test.context.cache.DefaultCacheAwareContextLoaderDelegate]
10:29:40.993 [main] DEBUG org.springframework.test.context.BootstrapUtils - Instantiating BootstrapContext using constructor [public org.springframework.test.context.support.DefaultBootstrapContext(java.lang.Class,org.springframework.test.context.CacheAwareContextLoaderDelegate)]
10:29:41.023 [main] DEBUG org.springframework.test.context.BootstrapUtils - Instantiating TestContextBootstrapper for test class [com.zking.service.impl.ArticleServiceImplTest] from class [org.springframework.boot.test.context.SpringBootTestContextBootstrapper]
10:29:41.058 [main] INFO org.springframework.boot.test.context.SpringBootTestContextBootstrapper - Neither @ContextConfiguration nor @ContextHierarchy found for test class [com.zking.service.impl.ArticleServiceImplTest], using SpringBootContextLoader
10:29:41.065 [main] DEBUG org.springframework.test.context.support.AbstractContextLoader - Did not detect default resource location for test class [com.zking.service.impl.ArticleServiceImplTest]: class path resource [com/zking/service/impl/ArticleServiceImplTest-context.xml] does not exist
10:29:41.066 [main] DEBUG org.springframework.test.context.support.AbstractContextLoader - Did not detect default resource location for test class [com.zking.service.impl.ArticleServiceImplTest]: class path resource [com/zking/service/impl/ArticleServiceImplTestContext.groovy] does not exist
10:29:41.067 [main] INFO org.springframework.test.context.support.AbstractContextLoader - Could not detect default resource locations for test class [com.zking.service.impl.ArticleServiceImplTest]: no resource found for suffixes {-context.xml, Context.groovy}.
10:29:41.068 [main] INFO org.springframework.test.context.support.AnnotationConfigContextLoaderUtils - Could not detect default configuration classes for test class [com.zking.service.impl.ArticleServiceImplTest]: ArticleServiceImplTest does not declare any static, non-private, non-final, nested classes annotated with @Configuration.
10:29:41.140 [main] DEBUG org.springframework.test.context.support.ActiveProfilesUtils - Could not find an 'annotation declaring class' for annotation type [org.springframework.test.context.ActiveProfiles] and class [com.zking.service.impl.ArticleServiceImplTest]
10:29:41.161 [main] DEBUG org.springframework.core.env.StandardEnvironment - Adding [systemProperties] PropertySource with lowest search precedence
10:29:41.164 [main] DEBUG org.springframework.core.env.StandardEnvironment - Adding [systemEnvironment] PropertySource with lowest search precedence
10:29:41.164 [main] DEBUG org.springframework.core.env.StandardEnvironment - Initialized StandardEnvironment with PropertySources [systemProperties,systemEnvironment]
10:29:41.187 [main] DEBUG org.springframework.core.io.support.PathMatchingResourcePatternResolver - Resolved classpath location [com/zking/service/impl/] to resources [URL [file:/C:/Users/chendesheng/Desktop/%e5%8d%9a%e5%ae%a2%e7%b3%bb%e7%bb%9f/finalBlog/LoginRegister/target/test-classes/com/zking/service/impl/], URL [file:/C:/Users/chendesheng/Desktop/%e5%8d%9a%e5%ae%a2%e7%b3%bb%e7%bb%9f/finalBlog/LoginRegister/target/classes/com/zking/service/impl/]]
10:29:41.188 [main] DEBUG org.springframework.core.io.support.PathMatchingResourcePatternResolver - Looking for matching resources in directory tree [C:\Users\chendesheng\Desktop\博客系统\finalBlog\LoginRegister\target\test-classes\com\zking\service\impl]
10:29:41.189 [main] DEBUG org.springframework.core.io.support.PathMatchingResourcePatternResolver - Searching directory [C:\Users\chendesheng\Desktop\博客系统\finalBlog\LoginRegister\target\test-classes\com\zking\service\impl] for files matching pattern [C:/Users/chendesheng/Desktop/博客系统/finalBlog/LoginRegister/target/test-classes/com/zking/service/impl/*.class]
10:29:41.233 [main] DEBUG org.springframework.core.io.support.PathMatchingResourcePatternResolver - Looking for matching resources in directory tree [C:\Users\chendesheng\Desktop\博客系统\finalBlog\LoginRegister\target\classes\com\zking\service\impl]
10:29:41.233 [main] DEBUG org.springframework.core.io.support.PathMatchingResourcePatternResolver - Searching directory [C:\Users\chendesheng\Desktop\博客系统\finalBlog\LoginRegister\target\classes\com\zking\service\impl] for files matching pattern [C:/Users/chendesheng/Desktop/博客系统/finalBlog/LoginRegister/target/classes/com/zking/service/impl/*.class]
10:29:41.248 [main] DEBUG org.springframework.core.io.support.PathMatchingResourcePatternResolver - Resolved location pattern [classpath*:com/zking/service/impl/*.class] to resources [file [C:\Users\chendesheng\Desktop\博客系统\finalBlog\LoginRegister\target\test-classes\com\zking\service\impl\ArticleServiceImplTest.class], file [C:\Users\chendesheng\Desktop\博客系统\finalBlog\LoginRegister\target\classes\com\zking\service\impl\ArchiveServiceImpl.class], file [C:\Users\chendesheng\Desktop\博客系统\finalBlog\LoginRegister\target\classes\com\zking\service\impl\ArticleServiceImpl.class], file [C:\Users\chendesheng\Desktop\博客系统\finalBlog\LoginRegister\target\classes\com\zking\service\impl\CategoriesServiceImpl.class], file [C:\Users\chendesheng\Desktop\博客系统\finalBlog\LoginRegister\target\classes\com\zking\service\impl\CommentServiceImpl.class], file [C:\Users\chendesheng\Desktop\博客系统\finalBlog\LoginRegister\target\classes\com\zking\service\impl\FeedbackServiceImpl.class], file [C:\Users\chendesheng\Desktop\博客系统\finalBlog\LoginRegister\target\classes\com\zking\service\impl\LeaveMessageServiceImpl.class], file [C:\Users\chendesheng\Desktop\博客系统\finalBlog\LoginRegister\target\classes\com\zking\service\impl\PrivateWordServiceImpl.class], file [C:\Users\chendesheng\Desktop\博客系统\finalBlog\LoginRegister\target\classes\com\zking\service\impl\TagServiceImpl.class], file [C:\Users\chendesheng\Desktop\博客系统\finalBlog\LoginRegister\target\classes\com\zking\service\impl\UserServiceImpl.class], file [C:\Users\chendesheng\Desktop\博客系统\finalBlog\LoginRegister\target\classes\com\zking\service\impl\VisitorServiceImpl.class]]
10:29:41.386 [main] DEBUG org.springframework.core.io.support.PathMatchingResourcePatternResolver - Resolved classpath location [com/zking/service/] to resources [URL [file:/C:/Users/chendesheng/Desktop/%e5%8d%9a%e5%ae%a2%e7%b3%bb%e7%bb%9f/finalBlog/LoginRegister/target/test-classes/com/zking/service/], URL [file:/C:/Users/chendesheng/Desktop/%e5%8d%9a%e5%ae%a2%e7%b3%bb%e7%bb%9f/finalBlog/LoginRegister/target/classes/com/zking/service/]]
10:29:41.387 [main] DEBUG org.springframework.core.io.support.PathMatchingResourcePatternResolver - Looking for matching resources in directory tree [C:\Users\chendesheng\Desktop\博客系统\finalBlog\LoginRegister\target\test-classes\com\zking\service]
10:29:41.388 [main] DEBUG org.springframework.core.io.support.PathMatchingResourcePatternResolver - Searching directory [C:\Users\chendesheng\Desktop\博客系统\finalBlog\LoginRegister\target\test-classes\com\zking\service] for files matching pattern [C:/Users/chendesheng/Desktop/博客系统/finalBlog/LoginRegister/target/test-classes/com/zking/service/*.class]
10:29:41.390 [main] DEBUG org.springframework.core.io.support.PathMatchingResourcePatternResolver - Looking for matching resources in directory tree [C:\Users\chendesheng\Desktop\博客系统\finalBlog\LoginRegister\target\classes\com\zking\service]
10:29:41.392 [main] DEBUG org.springframework.core.io.support.PathMatchingResourcePatternResolver - Searching directory [C:\Users\chendesheng\Desktop\博客系统\finalBlog\LoginRegister\target\classes\com\zking\service] for files matching pattern [C:/Users/chendesheng/Desktop/博客系统/finalBlog/LoginRegister/target/classes/com/zking/service/*.class]
10:29:41.398 [main] DEBUG org.springframework.core.io.support.PathMatchingResourcePatternResolver - Resolved location pattern [classpath*:com/zking/service/*.class] to resources [file [C:\Users\chendesheng\Desktop\博客系统\finalBlog\LoginRegister\target\classes\com\zking\service\ArchiveService.class], file [C:\Users\chendesheng\Desktop\博客系统\finalBlog\LoginRegister\target\classes\com\zking\service\ArticleService.class], file [C:\Users\chendesheng\Desktop\博客系统\finalBlog\LoginRegister\target\classes\com\zking\service\CategoriesService.class], file [C:\Users\chendesheng\Desktop\博客系统\finalBlog\LoginRegister\target\classes\com\zking\service\CommentService.class], file [C:\Users\chendesheng\Desktop\博客系统\finalBlog\LoginRegister\target\classes\com\zking\service\FeedbackService.class], file [C:\Users\chendesheng\Desktop\博客系统\finalBlog\LoginRegister\target\classes\com\zking\service\LeaveMessageService.class], file [C:\Users\chendesheng\Desktop\博客系统\finalBlog\LoginRegister\target\classes\com\zking\service\PrivateWordService.class], file [C:\Users\chendesheng\Desktop\博客系统\finalBlog\LoginRegister\target\classes\com\zking\service\TagService.class], file [C:\Users\chendesheng\Desktop\博客系统\finalBlog\LoginRegister\target\classes\com\zking\service\UserService.class], file [C:\Users\chendesheng\Desktop\博客系统\finalBlog\LoginRegister\target\classes\com\zking\service\VisitorService.class]]
10:29:41.414 [main] DEBUG org.springframework.core.io.support.PathMatchingResourcePatternResolver - Resolved classpath location [com/zking/] to resources [URL [file:/C:/Users/chendesheng/Desktop/%e5%8d%9a%e5%ae%a2%e7%b3%bb%e7%bb%9f/finalBlog/LoginRegister/target/test-classes/com/zking/], URL [file:/C:/Users/chendesheng/Desktop/%e5%8d%9a%e5%ae%a2%e7%b3%bb%e7%bb%9f/finalBlog/LoginRegister/target/classes/com/zking/]]
10:29:41.415 [main] DEBUG org.springframework.core.io.support.PathMatchingResourcePatternResolver - Looking for matching resources in directory tree [C:\Users\chendesheng\Desktop\博客系统\finalBlog\LoginRegister\target\test-classes\com\zking]
10:29:41.416 [main] DEBUG org.springframework.core.io.support.PathMatchingResourcePatternResolver - Searching directory [C:\Users\chendesheng\Desktop\博客系统\finalBlog\LoginRegister\target\test-classes\com\zking] for files matching pattern [C:/Users/chendesheng/Desktop/博客系统/finalBlog/LoginRegister/target/test-classes/com/zking/*.class]
10:29:41.426 [main] DEBUG org.springframework.core.io.support.PathMatchingResourcePatternResolver - Looking for matching resources in directory tree [C:\Users\chendesheng\Desktop\博客系统\finalBlog\LoginRegister\target\classes\com\zking]
10:29:41.427 [main] DEBUG org.springframework.core.io.support.PathMatchingResourcePatternResolver - Searching directory [C:\Users\chendesheng\Desktop\博客系统\finalBlog\LoginRegister\target\classes\com\zking] for files matching pattern [C:/Users/chendesheng/Desktop/博客系统/finalBlog/LoginRegister/target/classes/com/zking/*.class]
10:29:41.436 [main] DEBUG org.springframework.core.io.support.PathMatchingResourcePatternResolver - Resolved location pattern [classpath*:com/zking/*.class] to resources [file [C:\Users\chendesheng\Desktop\博客系统\finalBlog\LoginRegister\target\test-classes\com\zking\AppLicationTests.class], file [C:\Users\chendesheng\Desktop\博客系统\finalBlog\LoginRegister\target\classes\com\zking\AppLication.class]]
10:29:41.550 [main] DEBUG org.springframework.context.annotation.ClassPathScanningCandidateComponentProvider - Identified candidate component class: file [C:\Users\chendesheng\Desktop\博客系统\finalBlog\LoginRegister\target\classes\com\zking\AppLication.class]
10:29:41.552 [main] INFO org.springframework.boot.test.context.SpringBootTestContextBootstrapper - Found @SpringBootConfiguration com.zking.AppLication for test class com.zking.service.impl.ArticleServiceImplTest
10:29:41.558 [main] DEBUG org.springframework.boot.test.context.SpringBootTestContextBootstrapper - @TestExecutionListeners is not present for class [com.zking.service.impl.ArticleServiceImplTest]: using defaults.
10:29:41.563 [main] INFO org.springframework.boot.test.context.SpringBootTestContextBootstrapper - Loaded default TestExecutionListener class names from location [META-INF/spring.factories]: [org.springframework.boot.test.mock.mockito.MockitoTestExecutionListener, org.springframework.boot.test.mock.mockito.ResetMocksTestExecutionListener, org.springframework.boot.test.autoconfigure.restdocs.RestDocsTestExecutionListener, org.springframework.boot.test.autoconfigure.web.client.MockRestServiceServerResetTestExecutionListener, org.springframework.boot.test.autoconfigure.web.servlet.MockMvcPrintOnlyOnFailureTestExecutionListener, org.springframework.boot.test.autoconfigure.web.servlet.WebDriverTestExecutionListener, org.springframework.test.context.web.ServletTestExecutionListener, org.springframework.test.context.support.DirtiesContextBeforeModesTestExecutionListener, org.springframework.test.context.support.DependencyInjectionTestExecutionListener, org.springframework.test.context.support.DirtiesContextTestExecutionListener, org.springframework.test.context.transaction.TransactionalTestExecutionListener, org.springframework.test.context.jdbc.SqlScriptsTestExecutionListener]
10:29:41.673 [main] INFO org.springframework.boot.test.context.SpringBootTestContextBootstrapper - Using TestExecutionListeners: [org.springframework.test.context.web.ServletTestExecutionListener@2aece37d, org.springframework.test.context.support.DirtiesContextBeforeModesTestExecutionListener@548a102f, org.springframework.boot.test.autoconfigure.SpringBootDependencyInjectionTestExecutionListener@5762806e, org.springframework.test.context.support.DirtiesContextTestExecutionListener@17c386de, org.springframework.test.context.transaction.TransactionalTestExecutionListener@5af97850, org.springframework.test.context.jdbc.SqlScriptsTestExecutionListener@5ef60048, org.springframework.boot.test.autoconfigure.web.client.MockRestServiceServerResetTestExecutionListener@1d548a08, org.springframework.boot.test.autoconfigure.restdocs.RestDocsTestExecutionListener@16aa0a0a, org.springframework.boot.test.mock.mockito.ResetMocksTestExecutionListener@780cb77, org.springframework.boot.test.autoconfigure.web.servlet.MockMvcPrintOnlyOnFailureTestExecutionListener@691a7f8f, org.springframework.boot.test.mock.mockito.MockitoTestExecutionListener@50a7bc6e, org.springframework.boot.test.autoconfigure.web.servlet.WebDriverTestExecutionListener@161b062a]
10:29:41.679 [main] DEBUG org.springframework.test.annotation.ProfileValueUtils - Retrieved @ProfileValueSourceConfiguration [null] for test class [com.zking.service.impl.ArticleServiceImplTest]
10:29:41.680 [main] DEBUG org.springframework.test.annotation.ProfileValueUtils - Retrieved ProfileValueSource type [class org.springframework.test.annotation.SystemProfileValueSource] for class [com.zking.service.impl.ArticleServiceImplTest]
]]></system-out>
  </testcase>
</testsuite>